#
# There is insufficient memory for the Java Runtime Environment to continue.
# Native memory allocation (mmap) failed to map 12288 bytes for committing reserved memory.
# Possible reasons:
#   The system is out of physical RAM or swap space
#   In 32 bit mode, the process size limit was hit
# Possible solutions:
#   Reduce memory load on the system
#   Increase physical memory or swap space
#   Check if swap backing store is full
#   Use 64 bit Java on a 64 bit OS
#   Decrease Java heap size (-Xmx/-Xms)
#   Decrease number of Java threads
#   Decrease Java thread stack sizes (-Xss)
#   Set larger code cache with -XX:ReservedCodeCacheSize=
# This output file may be truncated or incomplete.
#
#  Out of Memory Error (os_linux.cpp:2627), pid=14716, tid=2244328256
#
# JRE version: Java(TM) SE Runtime Environment (8.0_60-b27) (build 1.8.0_60-b27)
# Java VM: Java HotSpot(TM) Server VM (25.60-b23 mixed mode linux-x86 )
# Failed to write core dump. Core dumps have been disabled. To enable core dumping, try "ulimit -c unlimited" before starting Java again
#

---------------  T H R E A D  ---------------

Current thread (0x86038000):  JavaThread "Service Thread" daemon [_thread_new, id=5072, stack(0x85c0b000,0x85c5c000)]

Stack: [0x85c0b000,0x85c5c000],  sp=0x85c5ad30,  free space=319k
Native frames: (J=compiled Java code, j=interpreted, Vv=VM code, C=native code)
V  [libjvm.so+0x8cd06f]  VMError::report_and_die()+0x16f
V  [libjvm.so+0x38bea5]  report_vm_out_of_memory(char const*, int, unsigned int, VMErrorType, char const*)+0x55
V  [libjvm.so+0x750e26]  os::Linux::commit_memory_impl(char*, unsigned int, bool)+0xe6
V  [libjvm.so+0x750ed9]  os::pd_commit_memory(char*, unsigned int, bool)+0x19
V  [libjvm.so+0x74a678]  os::commit_memory(char*, unsigned int, bool)+0x28
V  [libjvm.so+0x74ee08]  os::pd_create_stack_guard_pages(char*, unsigned int)+0x68
V  [libjvm.so+0x747d20]  os::create_stack_guard_pages(char*, unsigned int)+0x20
V  [libjvm.so+0x876b67]  JavaThread::create_stack_guard_pages()+0x67
V  [libjvm.so+0x880b5f]  JavaThread::run()+0x3f
V  [libjvm.so+0x753469]  java_start(Thread*)+0x119
C  [libpthread.so.0+0x6f70]